Flow report for Arithmetic_Unit
Sat Sep 12 12:21:57 2015
Quartus II 64-Bit Version 15.0.0 Build 145 04/22/2015 SJ Web Edition


---------------------
; Table of Contents ;
---------------------
  1. Legal Notice
  2. Flow Summary
  3. Flow Settings
  4. Flow Non-Default Global Settings
  5. Flow Elapsed Time
  6. Flow OS Summary
  7. Flow Log
  8. Flow Messages
  9. Flow Suppressed Messages



----------------
; Legal Notice ;
----------------
Copyright (C) 1991-2015 Altera Corporation. All rights reserved.
Your use of Altera Corporation's design tools, logic functions 
and other software and tools, and its AMPP partner logic 
functions, and any output files from any of the foregoing 
(including device programming or simulation files), and any 
associated documentation or information are expressly subject 
to the terms and conditions of the Altera Program License 
Subscription Agreement, the Altera Quartus II License Agreement,
the Altera MegaCore Function License Agreement, or other 
applicable license agreement, including, without limitation, 
that your use is for the sole purpose of programming logic 
devices manufactured by Altera and sold by Altera or its 
authorized distributors.  Please refer to the applicable 
agreement for further details.



+------------------------------------------------------------------------------+
; Flow Summary                                                                 ;
+---------------------------------+--------------------------------------------+
; Flow Status                     ; Successful - Sat Sep 12 12:21:57 2015      ;
; Quartus II 64-Bit Version       ; 15.0.0 Build 145 04/22/2015 SJ Web Edition ;
; Revision Name                   ; Arithmetic_Unit                            ;
; Top-level Entity Name           ; Arithmetic_Unit                            ;
; Family                          ; Cyclone V                                  ;
; Device                          ; 5CSEMA5F31C6                               ;
; Timing Models                   ; Final                                      ;
; Logic utilization (in ALMs)     ; 4 / 32,070 ( < 1 % )                       ;
; Total registers                 ; 0                                          ;
; Total pins                      ; 14 / 457 ( 3 % )                           ;
; Total virtual pins              ; 0                                          ;
; Total block memory bits         ; 0 / 4,065,280 ( 0 % )                      ;
; Total DSP Blocks                ; 0 / 87 ( 0 % )                             ;
; Total HSSI RX PCSs              ; 0                                          ;
; Total HSSI PMA RX Deserializers ; 0                                          ;
; Total HSSI TX PCSs              ; 0                                          ;
; Total HSSI PMA TX Serializers   ; 0                                          ;
; Total PLLs                      ; 0 / 6 ( 0 % )                              ;
; Total DLLs                      ; 0 / 4 ( 0 % )                              ;
+---------------------------------+--------------------------------------------+


+-----------------------------------------+
; Flow Settings                           ;
+-------------------+---------------------+
; Option            ; Setting             ;
+-------------------+---------------------+
; Start date & time ; 09/12/2015 12:15:30 ;
; Main task         ; Compilation         ;
; Revision Name     ; Arithmetic_Unit     ;
+-------------------+---------------------+


+----------------------------------------------------------------------------------------------------------------------------+
; Flow Non-Default Global Settings                                                                                           ;
+-------------------------------------+---------------------------------------+---------------+-------------+----------------+
; Assignment Name                     ; Value                                 ; Default Value ; Entity Name ; Section Id     ;
+-------------------------------------+---------------------------------------+---------------+-------------+----------------+
; COMPILER_SIGNATURE_ID               ; 1098320492784.144208533005892         ; --            ; --          ; --             ;
; EDA_OUTPUT_DATA_FORMAT              ; Vhdl                                  ; --            ; --          ; eda_simulation ;
; EDA_SIMULATION_TOOL                 ; ModelSim-Altera (VHDL)                ; <None>        ; --          ; --             ;
; MAX_CORE_JUNCTION_TEMP              ; 85                                    ; --            ; --          ; --             ;
; MIN_CORE_JUNCTION_TEMP              ; 0                                     ; --            ; --          ; --             ;
; PARTITION_COLOR                     ; 16764057                              ; --            ; --          ; Top            ;
; PARTITION_FITTER_PRESERVATION_LEVEL ; PLACEMENT_AND_ROUTING                 ; --            ; --          ; Top            ;
; PARTITION_NETLIST_TYPE              ; SOURCE                                ; --            ; --          ; Top            ;
; POWER_BOARD_THERMAL_MODEL           ; None (CONSERVATIVE)                   ; --            ; --          ; --             ;
; POWER_PRESET_COOLING_SOLUTION       ; 23 MM HEAT SINK WITH 200 LFPM AIRFLOW ; --            ; --          ; --             ;
; PROJECT_OUTPUT_DIRECTORY            ; output_files                          ; --            ; --          ; --             ;
+-------------------------------------+---------------------------------------+---------------+-------------+----------------+


+-------------------------------------------------------------------------------------------------------------------------------+
; Flow Elapsed Time                                                                                                             ;
+---------------------------+--------------+-------------------------+---------------------+------------------------------------+
; Module Name               ; Elapsed Time ; Average Processors Used ; Peak Virtual Memory ; Total CPU Time (on all processors) ;
+---------------------------+--------------+-------------------------+---------------------+------------------------------------+
; Analysis & Synthesis      ; 00:00:09     ; 1.0                     ; 763 MB              ; 00:00:19                           ;
; Fitter                    ; 00:00:43     ; 1.0                     ; 1818 MB             ; 00:00:50                           ;
; Assembler                 ; 00:00:09     ; 1.0                     ; 737 MB              ; 00:00:09                           ;
; TimeQuest Timing Analyzer ; 00:00:04     ; 1.0                     ; 966 MB              ; 00:00:04                           ;
; EDA Netlist Writer        ; 00:00:01     ; 1.0                     ; 646 MB              ; 00:00:01                           ;
; EDA Netlist Writer        ; 00:00:00     ; 1.0                     ; 633 MB              ; 00:00:01                           ;
; EDA Netlist Writer        ; 00:00:01     ; 1.0                     ; 634 MB              ; 00:00:01                           ;
; EDA Netlist Writer        ; 00:00:01     ; 1.0                     ; 633 MB              ; 00:00:01                           ;
; EDA Netlist Writer        ; 00:00:01     ; 1.0                     ; 634 MB              ; 00:00:01                           ;
; EDA Netlist Writer        ; 00:00:01     ; 1.0                     ; 633 MB              ; 00:00:01                           ;
; EDA Netlist Writer        ; 00:00:01     ; 1.0                     ; 634 MB              ; 00:00:01                           ;
; EDA Netlist Writer        ; 00:00:01     ; 1.0                     ; 633 MB              ; 00:00:01                           ;
; EDA Netlist Writer        ; 00:00:01     ; 1.0                     ; 634 MB              ; 00:00:01                           ;
; Total                     ; 00:01:13     ; --                      ; --                  ; 00:01:31                           ;
+---------------------------+--------------+-------------------------+---------------------+------------------------------------+


+----------------------------------------------------------------------------------------+
; Flow OS Summary                                                                        ;
+---------------------------+------------------+-----------+------------+----------------+
; Module Name               ; Machine Hostname ; OS Name   ; OS Version ; Processor type ;
+---------------------------+------------------+-----------+------------+----------------+
; Analysis & Synthesis      ; GoodwinsPC       ; Windows 7 ; 6.2        ; x86_64         ;
; Fitter                    ; GoodwinsPC       ; Windows 7 ; 6.2        ; x86_64         ;
; Assembler                 ; GoodwinsPC       ; Windows 7 ; 6.2        ; x86_64         ;
; TimeQuest Timing Analyzer ; GoodwinsPC       ; Windows 7 ; 6.2        ; x86_64         ;
; EDA Netlist Writer        ; GoodwinsPC       ; Windows 7 ; 6.2        ; x86_64         ;
; EDA Netlist Writer        ; GoodwinsPC       ; Windows 7 ; 6.2        ; x86_64         ;
; EDA Netlist Writer        ; GoodwinsPC       ; Windows 7 ; 6.2        ; x86_64         ;
; EDA Netlist Writer        ; GoodwinsPC       ; Windows 7 ; 6.2        ; x86_64         ;
; EDA Netlist Writer        ; GoodwinsPC       ; Windows 7 ; 6.2        ; x86_64         ;
; EDA Netlist Writer        ; GoodwinsPC       ; Windows 7 ; 6.2        ; x86_64         ;
; EDA Netlist Writer        ; GoodwinsPC       ; Windows 7 ; 6.2        ; x86_64         ;
; EDA Netlist Writer        ; GoodwinsPC       ; Windows 7 ; 6.2        ; x86_64         ;
; EDA Netlist Writer        ; GoodwinsPC       ; Windows 7 ; 6.2        ; x86_64         ;
+---------------------------+------------------+-----------+------------+----------------+


------------
; Flow Log ;
------------
quartus_map --read_settings_files=on --write_settings_files=off Arithmetic_Unit -c Arithmetic_Unit
quartus_fit --read_settings_files=off --write_settings_files=off Arithmetic_Unit -c Arithmetic_Unit
quartus_asm --read_settings_files=off --write_settings_files=off Arithmetic_Unit -c Arithmetic_Unit
quartus_sta Arithmetic_Unit -c Arithmetic_Unit
quartus_eda --read_settings_files=off --write_settings_files=off Arithmetic_Unit -c Arithmetic_Unit
quartus_eda --gen_testbench --check_outputs=on --tool=modelsim_oem --format=verilog --write_settings_files=off Arithmetic_Unit -c Arithmetic_Unit --vector_source="C:/Users/Goodwin/Documents/Embedded Systems/Projects/Library/FullAdder/ArithemticTest.vwf" --testbench_file="C:/Users/Goodwin/Documents/Embedded Systems/Projects/Library/Arithmetic_Unit/simulation/qsim/ArithemticTest.vwf.vt"
quartus_eda --write_settings_files=off --functional=on --flatten_buses=off --simulation=on --tool=modelsim_oem --format=verilog --output_directory="C:/Users/Goodwin/Documents/Embedded Systems/Projects/Library/Arithmetic_Unit/simulation/qsim/" Arithmetic_Unit -c Arithmetic_Unit
quartus_eda --gen_testbench --check_outputs=on --tool=modelsim_oem --format=verilog --write_settings_files=off Arithmetic_Unit -c Arithmetic_Unit --vector_source="C:/Users/Goodwin/Documents/Embedded Systems/Projects/Library/FullAdder/ArithemticTest.vwf" --testbench_file="C:/Users/Goodwin/Documents/Embedded Systems/Projects/Library/Arithmetic_Unit/simulation/qsim/ArithemticTest.vwf.vt"
quartus_eda --write_settings_files=off --functional=on --flatten_buses=off --simulation=on --tool=modelsim_oem --format=verilog --output_directory="C:/Users/Goodwin/Documents/Embedded Systems/Projects/Library/Arithmetic_Unit/simulation/qsim/" Arithmetic_Unit -c Arithmetic_Unit
quartus_eda --gen_testbench --check_outputs=on --tool=modelsim_oem --format=verilog --write_settings_files=off Arithmetic_Unit -c Arithmetic_Unit --vector_source="C:/Users/Goodwin/Documents/Embedded Systems/Projects/Library/FullAdder/ArithemticTest.vwf" --testbench_file="C:/Users/Goodwin/Documents/Embedded Systems/Projects/Library/Arithmetic_Unit/simulation/qsim/ArithemticTest.vwf.vt"
quartus_eda --write_settings_files=off --functional=on --flatten_buses=off --simulation=on --tool=modelsim_oem --format=verilog --output_directory="C:/Users/Goodwin/Documents/Embedded Systems/Projects/Library/Arithmetic_Unit/simulation/qsim/" Arithmetic_Unit -c Arithmetic_Unit
quartus_eda --gen_testbench --check_outputs=on --tool=modelsim_oem --format=verilog --write_settings_files=off Arithmetic_Unit -c Arithmetic_Unit --vector_source="C:/Users/Goodwin/Documents/Embedded Systems/Projects/Library/FullAdder/ArithemticTest.vwf" --testbench_file="C:/Users/Goodwin/Documents/Embedded Systems/Projects/Library/Arithmetic_Unit/simulation/qsim/ArithemticTest.vwf.vt"
quartus_eda --write_settings_files=off --functional=on --flatten_buses=off --simulation=on --tool=modelsim_oem --format=verilog --output_directory="C:/Users/Goodwin/Documents/Embedded Systems/Projects/Library/Arithmetic_Unit/simulation/qsim/" Arithmetic_Unit -c Arithmetic_Unit



